/Users/thomaswest/Library/Python/3.9/lib/python/site-packages/google/api_core/_python_version_support.py:246: FutureWarning: You are using a non-supported Python version (3.9.6). Google will not post any further updates to google.api_core supporting this Python version. Please upgrade to the latest Python version, or at least Python 3.10, and then update google.api_core.
  warnings.warn(message, FutureWarning)
/Users/thomaswest/Library/Python/3.9/lib/python/site-packages/urllib3/__init__.py:35: NotOpenSSLWarning: urllib3 v2 only supports OpenSSL 1.1.1+, currently the 'ssl' module is compiled with 'LibreSSL 2.8.3'. See: https://github.com/urllib3/urllib3/issues/3020
  warnings.warn(
/Users/thomaswest/Library/Python/3.9/lib/python/site-packages/google/auth/__init__.py:54: FutureWarning: You are using a Python version 3.9 past its end of life. Google will update google-auth with critical bug fixes on a best-effort basis, but not with any other fixes or features. Please upgrade your Python version, and then update google-auth.
  warnings.warn(eol_message.format("3.9"), FutureWarning)
/Users/thomaswest/Library/Python/3.9/lib/python/site-packages/google/oauth2/__init__.py:40: FutureWarning: You are using a Python version 3.9 past its end of life. Google will update google-auth with critical bug fixes on a best-effort basis, but not with any other fixes or features. Please upgrade your Python version, and then update google-auth.
  warnings.warn(eol_message.format("3.9"), FutureWarning)
/Users/thomaswest/Library/Python/3.9/lib/python/site-packages/google/api_core/_python_version_support.py:246: FutureWarning: You are using a non-supported Python version (3.9.6). Google will not post any further updates to google.analytics.data_v1beta supporting this Python version. Please upgrade to the latest Python version, or at least Python 3.10, and then update google.analytics.data_v1beta.
  warnings.warn(message, FutureWarning)
/Users/thomaswest/Library/Python/3.9/lib/python/site-packages/google/api_core/_python_version_support.py:246: FutureWarning: You are using a non-supported Python version (3.9.6). Google will not post any further updates to google.api_core supporting this Python version. Please upgrade to the latest Python version, or at least Python 3.10, and then update google.api_core.
  warnings.warn(message, FutureWarning)
/Users/thomaswest/Library/Python/3.9/lib/python/site-packages/urllib3/__init__.py:35: NotOpenSSLWarning: urllib3 v2 only supports OpenSSL 1.1.1+, currently the 'ssl' module is compiled with 'LibreSSL 2.8.3'. See: https://github.com/urllib3/urllib3/issues/3020
  warnings.warn(
/Users/thomaswest/Library/Python/3.9/lib/python/site-packages/google/auth/__init__.py:54: FutureWarning: You are using a Python version 3.9 past its end of life. Google will update google-auth with critical bug fixes on a best-effort basis, but not with any other fixes or features. Please upgrade your Python version, and then update google-auth.
  warnings.warn(eol_message.format("3.9"), FutureWarning)
/Users/thomaswest/Library/Python/3.9/lib/python/site-packages/google/oauth2/__init__.py:40: FutureWarning: You are using a Python version 3.9 past its end of life. Google will update google-auth with critical bug fixes on a best-effort basis, but not with any other fixes or features. Please upgrade your Python version, and then update google-auth.
  warnings.warn(eol_message.format("3.9"), FutureWarning)
/Users/thomaswest/Library/Python/3.9/lib/python/site-packages/google/api_core/_python_version_support.py:246: FutureWarning: You are using a non-supported Python version (3.9.6). Google will not post any further updates to google.analytics.data_v1beta supporting this Python version. Please upgrade to the latest Python version, or at least Python 3.10, and then update google.analytics.data_v1beta.
  warnings.warn(message, FutureWarning)
/Users/thomaswest/Library/Python/3.9/lib/python/site-packages/google/api_core/_python_version_support.py:246: FutureWarning: You are using a non-supported Python version (3.9.6). Google will not post any further updates to google.api_core supporting this Python version. Please upgrade to the latest Python version, or at least Python 3.10, and then update google.api_core.
  warnings.warn(message, FutureWarning)
/Users/thomaswest/Library/Python/3.9/lib/python/site-packages/urllib3/__init__.py:35: NotOpenSSLWarning: urllib3 v2 only supports OpenSSL 1.1.1+, currently the 'ssl' module is compiled with 'LibreSSL 2.8.3'. See: https://github.com/urllib3/urllib3/issues/3020
  warnings.warn(
/Users/thomaswest/Library/Python/3.9/lib/python/site-packages/google/auth/__init__.py:54: FutureWarning: You are using a Python version 3.9 past its end of life. Google will update google-auth with critical bug fixes on a best-effort basis, but not with any other fixes or features. Please upgrade your Python version, and then update google-auth.
  warnings.warn(eol_message.format("3.9"), FutureWarning)
/Users/thomaswest/Library/Python/3.9/lib/python/site-packages/google/oauth2/__init__.py:40: FutureWarning: You are using a Python version 3.9 past its end of life. Google will update google-auth with critical bug fixes on a best-effort basis, but not with any other fixes or features. Please upgrade your Python version, and then update google-auth.
  warnings.warn(eol_message.format("3.9"), FutureWarning)
/Users/thomaswest/Library/Python/3.9/lib/python/site-packages/google/api_core/_python_version_support.py:246: FutureWarning: You are using a non-supported Python version (3.9.6). Google will not post any further updates to google.analytics.data_v1beta supporting this Python version. Please upgrade to the latest Python version, or at least Python 3.10, and then update google.analytics.data_v1beta.
  warnings.warn(message, FutureWarning)
/Users/thomaswest/Library/Python/3.9/lib/python/site-packages/google/api_core/_python_version_support.py:246: FutureWarning: You are using a non-supported Python version (3.9.6). Google will not post any further updates to google.api_core supporting this Python version. Please upgrade to the latest Python version, or at least Python 3.10, and then update google.api_core.
  warnings.warn(message, FutureWarning)
/Users/thomaswest/Library/Python/3.9/lib/python/site-packages/urllib3/__init__.py:35: NotOpenSSLWarning: urllib3 v2 only supports OpenSSL 1.1.1+, currently the 'ssl' module is compiled with 'LibreSSL 2.8.3'. See: https://github.com/urllib3/urllib3/issues/3020
  warnings.warn(
/Users/thomaswest/Library/Python/3.9/lib/python/site-packages/google/auth/__init__.py:54: FutureWarning: You are using a Python version 3.9 past its end of life. Google will update google-auth with critical bug fixes on a best-effort basis, but not with any other fixes or features. Please upgrade your Python version, and then update google-auth.
  warnings.warn(eol_message.format("3.9"), FutureWarning)
/Users/thomaswest/Library/Python/3.9/lib/python/site-packages/google/oauth2/__init__.py:40: FutureWarning: You are using a Python version 3.9 past its end of life. Google will update google-auth with critical bug fixes on a best-effort basis, but not with any other fixes or features. Please upgrade your Python version, and then update google-auth.
  warnings.warn(eol_message.format("3.9"), FutureWarning)
/Users/thomaswest/Library/Python/3.9/lib/python/site-packages/google/api_core/_python_version_support.py:246: FutureWarning: You are using a non-supported Python version (3.9.6). Google will not post any further updates to google.analytics.data_v1beta supporting this Python version. Please upgrade to the latest Python version, or at least Python 3.10, and then update google.analytics.data_v1beta.
  warnings.warn(message, FutureWarning)
/Users/thomaswest/Library/Python/3.9/lib/python/site-packages/google/api_core/_python_version_support.py:246: FutureWarning: You are using a non-supported Python version (3.9.6). Google will not post any further updates to google.api_core supporting this Python version. Please upgrade to the latest Python version, or at least Python 3.10, and then update google.api_core.
  warnings.warn(message, FutureWarning)
/Users/thomaswest/Library/Python/3.9/lib/python/site-packages/urllib3/__init__.py:35: NotOpenSSLWarning: urllib3 v2 only supports OpenSSL 1.1.1+, currently the 'ssl' module is compiled with 'LibreSSL 2.8.3'. See: https://github.com/urllib3/urllib3/issues/3020
  warnings.warn(
/Users/thomaswest/Library/Python/3.9/lib/python/site-packages/google/auth/__init__.py:54: FutureWarning: You are using a Python version 3.9 past its end of life. Google will update google-auth with critical bug fixes on a best-effort basis, but not with any other fixes or features. Please upgrade your Python version, and then update google-auth.
  warnings.warn(eol_message.format("3.9"), FutureWarning)
/Users/thomaswest/Library/Python/3.9/lib/python/site-packages/google/oauth2/__init__.py:40: FutureWarning: You are using a Python version 3.9 past its end of life. Google will update google-auth with critical bug fixes on a best-effort basis, but not with any other fixes or features. Please upgrade your Python version, and then update google-auth.
  warnings.warn(eol_message.format("3.9"), FutureWarning)
/Users/thomaswest/Library/Python/3.9/lib/python/site-packages/google/api_core/_python_version_support.py:246: FutureWarning: You are using a non-supported Python version (3.9.6). Google will not post any further updates to google.analytics.data_v1beta supporting this Python version. Please upgrade to the latest Python version, or at least Python 3.10, and then update google.analytics.data_v1beta.
  warnings.warn(message, FutureWarning)
/Users/thomaswest/Library/Python/3.9/lib/python/site-packages/google/api_core/_python_version_support.py:246: FutureWarning: You are using a non-supported Python version (3.9.6). Google will not post any further updates to google.api_core supporting this Python version. Please upgrade to the latest Python version, or at least Python 3.10, and then update google.api_core.
  warnings.warn(message, FutureWarning)
/Users/thomaswest/Library/Python/3.9/lib/python/site-packages/urllib3/__init__.py:35: NotOpenSSLWarning: urllib3 v2 only supports OpenSSL 1.1.1+, currently the 'ssl' module is compiled with 'LibreSSL 2.8.3'. See: https://github.com/urllib3/urllib3/issues/3020
  warnings.warn(
/Users/thomaswest/Library/Python/3.9/lib/python/site-packages/google/auth/__init__.py:54: FutureWarning: You are using a Python version 3.9 past its end of life. Google will update google-auth with critical bug fixes on a best-effort basis, but not with any other fixes or features. Please upgrade your Python version, and then update google-auth.
  warnings.warn(eol_message.format("3.9"), FutureWarning)
/Users/thomaswest/Library/Python/3.9/lib/python/site-packages/google/oauth2/__init__.py:40: FutureWarning: You are using a Python version 3.9 past its end of life. Google will update google-auth with critical bug fixes on a best-effort basis, but not with any other fixes or features. Please upgrade your Python version, and then update google-auth.
  warnings.warn(eol_message.format("3.9"), FutureWarning)
/Users/thomaswest/Library/Python/3.9/lib/python/site-packages/google/api_core/_python_version_support.py:246: FutureWarning: You are using a non-supported Python version (3.9.6). Google will not post any further updates to google.analytics.data_v1beta supporting this Python version. Please upgrade to the latest Python version, or at least Python 3.10, and then update google.analytics.data_v1beta.
  warnings.warn(message, FutureWarning)
/Users/thomaswest/Library/Python/3.9/lib/python/site-packages/google/api_core/_python_version_support.py:246: FutureWarning: You are using a non-supported Python version (3.9.6). Google will not post any further updates to google.api_core supporting this Python version. Please upgrade to the latest Python version, or at least Python 3.10, and then update google.api_core.
  warnings.warn(message, FutureWarning)
/Users/thomaswest/Library/Python/3.9/lib/python/site-packages/urllib3/__init__.py:35: NotOpenSSLWarning: urllib3 v2 only supports OpenSSL 1.1.1+, currently the 'ssl' module is compiled with 'LibreSSL 2.8.3'. See: https://github.com/urllib3/urllib3/issues/3020
  warnings.warn(
/Users/thomaswest/Library/Python/3.9/lib/python/site-packages/google/auth/__init__.py:54: FutureWarning: You are using a Python version 3.9 past its end of life. Google will update google-auth with critical bug fixes on a best-effort basis, but not with any other fixes or features. Please upgrade your Python version, and then update google-auth.
  warnings.warn(eol_message.format("3.9"), FutureWarning)
/Users/thomaswest/Library/Python/3.9/lib/python/site-packages/google/oauth2/__init__.py:40: FutureWarning: You are using a Python version 3.9 past its end of life. Google will update google-auth with critical bug fixes on a best-effort basis, but not with any other fixes or features. Please upgrade your Python version, and then update google-auth.
  warnings.warn(eol_message.format("3.9"), FutureWarning)
/Users/thomaswest/Library/Python/3.9/lib/python/site-packages/google/api_core/_python_version_support.py:246: FutureWarning: You are using a non-supported Python version (3.9.6). Google will not post any further updates to google.analytics.data_v1beta supporting this Python version. Please upgrade to the latest Python version, or at least Python 3.10, and then update google.analytics.data_v1beta.
  warnings.warn(message, FutureWarning)
/Users/thomaswest/Library/Python/3.9/lib/python/site-packages/google/api_core/_python_version_support.py:246: FutureWarning: You are using a non-supported Python version (3.9.6). Google will not post any further updates to google.api_core supporting this Python version. Please upgrade to the latest Python version, or at least Python 3.10, and then update google.api_core.
  warnings.warn(message, FutureWarning)
/Users/thomaswest/Library/Python/3.9/lib/python/site-packages/urllib3/__init__.py:35: NotOpenSSLWarning: urllib3 v2 only supports OpenSSL 1.1.1+, currently the 'ssl' module is compiled with 'LibreSSL 2.8.3'. See: https://github.com/urllib3/urllib3/issues/3020
  warnings.warn(
/Users/thomaswest/Library/Python/3.9/lib/python/site-packages/google/auth/__init__.py:54: FutureWarning: You are using a Python version 3.9 past its end of life. Google will update google-auth with critical bug fixes on a best-effort basis, but not with any other fixes or features. Please upgrade your Python version, and then update google-auth.
  warnings.warn(eol_message.format("3.9"), FutureWarning)
/Users/thomaswest/Library/Python/3.9/lib/python/site-packages/google/oauth2/__init__.py:40: FutureWarning: You are using a Python version 3.9 past its end of life. Google will update google-auth with critical bug fixes on a best-effort basis, but not with any other fixes or features. Please upgrade your Python version, and then update google-auth.
  warnings.warn(eol_message.format("3.9"), FutureWarning)
/Users/thomaswest/Library/Python/3.9/lib/python/site-packages/google/api_core/_python_version_support.py:246: FutureWarning: You are using a non-supported Python version (3.9.6). Google will not post any further updates to google.analytics.data_v1beta supporting this Python version. Please upgrade to the latest Python version, or at least Python 3.10, and then update google.analytics.data_v1beta.
  warnings.warn(message, FutureWarning)
/Users/thomaswest/Library/Python/3.9/lib/python/site-packages/google/api_core/_python_version_support.py:246: FutureWarning: You are using a non-supported Python version (3.9.6). Google will not post any further updates to google.api_core supporting this Python version. Please upgrade to the latest Python version, or at least Python 3.10, and then update google.api_core.
  warnings.warn(message, FutureWarning)
/Users/thomaswest/Library/Python/3.9/lib/python/site-packages/urllib3/__init__.py:35: NotOpenSSLWarning: urllib3 v2 only supports OpenSSL 1.1.1+, currently the 'ssl' module is compiled with 'LibreSSL 2.8.3'. See: https://github.com/urllib3/urllib3/issues/3020
  warnings.warn(
/Users/thomaswest/Library/Python/3.9/lib/python/site-packages/google/auth/__init__.py:54: FutureWarning: You are using a Python version 3.9 past its end of life. Google will update google-auth with critical bug fixes on a best-effort basis, but not with any other fixes or features. Please upgrade your Python version, and then update google-auth.
  warnings.warn(eol_message.format("3.9"), FutureWarning)
/Users/thomaswest/Library/Python/3.9/lib/python/site-packages/google/oauth2/__init__.py:40: FutureWarning: You are using a Python version 3.9 past its end of life. Google will update google-auth with critical bug fixes on a best-effort basis, but not with any other fixes or features. Please upgrade your Python version, and then update google-auth.
  warnings.warn(eol_message.format("3.9"), FutureWarning)
/Users/thomaswest/Library/Python/3.9/lib/python/site-packages/google/api_core/_python_version_support.py:246: FutureWarning: You are using a non-supported Python version (3.9.6). Google will not post any further updates to google.analytics.data_v1beta supporting this Python version. Please upgrade to the latest Python version, or at least Python 3.10, and then update google.analytics.data_v1beta.
  warnings.warn(message, FutureWarning)
/Users/thomaswest/Library/Python/3.9/lib/python/site-packages/google/api_core/_python_version_support.py:246: FutureWarning: You are using a non-supported Python version (3.9.6). Google will not post any further updates to google.api_core supporting this Python version. Please upgrade to the latest Python version, or at least Python 3.10, and then update google.api_core.
  warnings.warn(message, FutureWarning)
/Users/thomaswest/Library/Python/3.9/lib/python/site-packages/urllib3/__init__.py:35: NotOpenSSLWarning: urllib3 v2 only supports OpenSSL 1.1.1+, currently the 'ssl' module is compiled with 'LibreSSL 2.8.3'. See: https://github.com/urllib3/urllib3/issues/3020
  warnings.warn(
/Users/thomaswest/Library/Python/3.9/lib/python/site-packages/google/auth/__init__.py:54: FutureWarning: You are using a Python version 3.9 past its end of life. Google will update google-auth with critical bug fixes on a best-effort basis, but not with any other fixes or features. Please upgrade your Python version, and then update google-auth.
  warnings.warn(eol_message.format("3.9"), FutureWarning)
/Users/thomaswest/Library/Python/3.9/lib/python/site-packages/google/oauth2/__init__.py:40: FutureWarning: You are using a Python version 3.9 past its end of life. Google will update google-auth with critical bug fixes on a best-effort basis, but not with any other fixes or features. Please upgrade your Python version, and then update google-auth.
  warnings.warn(eol_message.format("3.9"), FutureWarning)
/Users/thomaswest/Library/Python/3.9/lib/python/site-packages/google/api_core/_python_version_support.py:246: FutureWarning: You are using a non-supported Python version (3.9.6). Google will not post any further updates to google.analytics.data_v1beta supporting this Python version. Please upgrade to the latest Python version, or at least Python 3.10, and then update google.analytics.data_v1beta.
  warnings.warn(message, FutureWarning)
/Users/thomaswest/Library/Python/3.9/lib/python/site-packages/google/api_core/_python_version_support.py:246: FutureWarning: You are using a non-supported Python version (3.9.6). Google will not post any further updates to google.api_core supporting this Python version. Please upgrade to the latest Python version, or at least Python 3.10, and then update google.api_core.
  warnings.warn(message, FutureWarning)
/Users/thomaswest/Library/Python/3.9/lib/python/site-packages/urllib3/__init__.py:35: NotOpenSSLWarning: urllib3 v2 only supports OpenSSL 1.1.1+, currently the 'ssl' module is compiled with 'LibreSSL 2.8.3'. See: https://github.com/urllib3/urllib3/issues/3020
  warnings.warn(
/Users/thomaswest/Library/Python/3.9/lib/python/site-packages/google/auth/__init__.py:54: FutureWarning: You are using a Python version 3.9 past its end of life. Google will update google-auth with critical bug fixes on a best-effort basis, but not with any other fixes or features. Please upgrade your Python version, and then update google-auth.
  warnings.warn(eol_message.format("3.9"), FutureWarning)
/Users/thomaswest/Library/Python/3.9/lib/python/site-packages/google/oauth2/__init__.py:40: FutureWarning: You are using a Python version 3.9 past its end of life. Google will update google-auth with critical bug fixes on a best-effort basis, but not with any other fixes or features. Please upgrade your Python version, and then update google-auth.
  warnings.warn(eol_message.format("3.9"), FutureWarning)
/Users/thomaswest/Library/Python/3.9/lib/python/site-packages/google/api_core/_python_version_support.py:246: FutureWarning: You are using a non-supported Python version (3.9.6). Google will not post any further updates to google.analytics.data_v1beta supporting this Python version. Please upgrade to the latest Python version, or at least Python 3.10, and then update google.analytics.data_v1beta.
  warnings.warn(message, FutureWarning)
/Users/thomaswest/Library/Python/3.9/lib/python/site-packages/google/api_core/_python_version_support.py:246: FutureWarning: You are using a non-supported Python version (3.9.6). Google will not post any further updates to google.api_core supporting this Python version. Please upgrade to the latest Python version, or at least Python 3.10, and then update google.api_core.
  warnings.warn(message, FutureWarning)
/Users/thomaswest/Library/Python/3.9/lib/python/site-packages/urllib3/__init__.py:35: NotOpenSSLWarning: urllib3 v2 only supports OpenSSL 1.1.1+, currently the 'ssl' module is compiled with 'LibreSSL 2.8.3'. See: https://github.com/urllib3/urllib3/issues/3020
  warnings.warn(
/Users/thomaswest/Library/Python/3.9/lib/python/site-packages/google/auth/__init__.py:54: FutureWarning: You are using a Python version 3.9 past its end of life. Google will update google-auth with critical bug fixes on a best-effort basis, but not with any other fixes or features. Please upgrade your Python version, and then update google-auth.
  warnings.warn(eol_message.format("3.9"), FutureWarning)
/Users/thomaswest/Library/Python/3.9/lib/python/site-packages/google/oauth2/__init__.py:40: FutureWarning: You are using a Python version 3.9 past its end of life. Google will update google-auth with critical bug fixes on a best-effort basis, but not with any other fixes or features. Please upgrade your Python version, and then update google-auth.
  warnings.warn(eol_message.format("3.9"), FutureWarning)
/Users/thomaswest/Library/Python/3.9/lib/python/site-packages/google/api_core/_python_version_support.py:246: FutureWarning: You are using a non-supported Python version (3.9.6). Google will not post any further updates to google.analytics.data_v1beta supporting this Python version. Please upgrade to the latest Python version, or at least Python 3.10, and then update google.analytics.data_v1beta.
  warnings.warn(message, FutureWarning)
/Users/thomaswest/Library/Python/3.9/lib/python/site-packages/google/api_core/_python_version_support.py:246: FutureWarning: You are using a non-supported Python version (3.9.6). Google will not post any further updates to google.api_core supporting this Python version. Please upgrade to the latest Python version, or at least Python 3.10, and then update google.api_core.
  warnings.warn(message, FutureWarning)
/Users/thomaswest/Library/Python/3.9/lib/python/site-packages/urllib3/__init__.py:35: NotOpenSSLWarning: urllib3 v2 only supports OpenSSL 1.1.1+, currently the 'ssl' module is compiled with 'LibreSSL 2.8.3'. See: https://github.com/urllib3/urllib3/issues/3020
  warnings.warn(
/Users/thomaswest/Library/Python/3.9/lib/python/site-packages/google/auth/__init__.py:54: FutureWarning: You are using a Python version 3.9 past its end of life. Google will update google-auth with critical bug fixes on a best-effort basis, but not with any other fixes or features. Please upgrade your Python version, and then update google-auth.
  warnings.warn(eol_message.format("3.9"), FutureWarning)
/Users/thomaswest/Library/Python/3.9/lib/python/site-packages/google/oauth2/__init__.py:40: FutureWarning: You are using a Python version 3.9 past its end of life. Google will update google-auth with critical bug fixes on a best-effort basis, but not with any other fixes or features. Please upgrade your Python version, and then update google-auth.
  warnings.warn(eol_message.format("3.9"), FutureWarning)
/Users/thomaswest/Library/Python/3.9/lib/python/site-packages/google/api_core/_python_version_support.py:246: FutureWarning: You are using a non-supported Python version (3.9.6). Google will not post any further updates to google.analytics.data_v1beta supporting this Python version. Please upgrade to the latest Python version, or at least Python 3.10, and then update google.analytics.data_v1beta.
  warnings.warn(message, FutureWarning)
/Users/thomaswest/Library/Python/3.9/lib/python/site-packages/google/api_core/_python_version_support.py:246: FutureWarning: You are using a non-supported Python version (3.9.6). Google will not post any further updates to google.api_core supporting this Python version. Please upgrade to the latest Python version, or at least Python 3.10, and then update google.api_core.
  warnings.warn(message, FutureWarning)
/Users/thomaswest/Library/Python/3.9/lib/python/site-packages/urllib3/__init__.py:35: NotOpenSSLWarning: urllib3 v2 only supports OpenSSL 1.1.1+, currently the 'ssl' module is compiled with 'LibreSSL 2.8.3'. See: https://github.com/urllib3/urllib3/issues/3020
  warnings.warn(
/Users/thomaswest/Library/Python/3.9/lib/python/site-packages/google/auth/__init__.py:54: FutureWarning: You are using a Python version 3.9 past its end of life. Google will update google-auth with critical bug fixes on a best-effort basis, but not with any other fixes or features. Please upgrade your Python version, and then update google-auth.
  warnings.warn(eol_message.format("3.9"), FutureWarning)
/Users/thomaswest/Library/Python/3.9/lib/python/site-packages/google/oauth2/__init__.py:40: FutureWarning: You are using a Python version 3.9 past its end of life. Google will update google-auth with critical bug fixes on a best-effort basis, but not with any other fixes or features. Please upgrade your Python version, and then update google-auth.
  warnings.warn(eol_message.format("3.9"), FutureWarning)
/Users/thomaswest/Library/Python/3.9/lib/python/site-packages/google/api_core/_python_version_support.py:246: FutureWarning: You are using a non-supported Python version (3.9.6). Google will not post any further updates to google.analytics.data_v1beta supporting this Python version. Please upgrade to the latest Python version, or at least Python 3.10, and then update google.analytics.data_v1beta.
  warnings.warn(message, FutureWarning)
/Users/thomaswest/Library/Python/3.9/lib/python/site-packages/google/api_core/_python_version_support.py:246: FutureWarning: You are using a non-supported Python version (3.9.6). Google will not post any further updates to google.api_core supporting this Python version. Please upgrade to the latest Python version, or at least Python 3.10, and then update google.api_core.
  warnings.warn(message, FutureWarning)
/Users/thomaswest/Library/Python/3.9/lib/python/site-packages/urllib3/__init__.py:35: NotOpenSSLWarning: urllib3 v2 only supports OpenSSL 1.1.1+, currently the 'ssl' module is compiled with 'LibreSSL 2.8.3'. See: https://github.com/urllib3/urllib3/issues/3020
  warnings.warn(
/Users/thomaswest/Library/Python/3.9/lib/python/site-packages/google/auth/__init__.py:54: FutureWarning: You are using a Python version 3.9 past its end of life. Google will update google-auth with critical bug fixes on a best-effort basis, but not with any other fixes or features. Please upgrade your Python version, and then update google-auth.
  warnings.warn(eol_message.format("3.9"), FutureWarning)
/Users/thomaswest/Library/Python/3.9/lib/python/site-packages/google/oauth2/__init__.py:40: FutureWarning: You are using a Python version 3.9 past its end of life. Google will update google-auth with critical bug fixes on a best-effort basis, but not with any other fixes or features. Please upgrade your Python version, and then update google-auth.
  warnings.warn(eol_message.format("3.9"), FutureWarning)
/Users/thomaswest/Library/Python/3.9/lib/python/site-packages/google/api_core/_python_version_support.py:246: FutureWarning: You are using a non-supported Python version (3.9.6). Google will not post any further updates to google.analytics.data_v1beta supporting this Python version. Please upgrade to the latest Python version, or at least Python 3.10, and then update google.analytics.data_v1beta.
  warnings.warn(message, FutureWarning)
/Users/thomaswest/Library/Python/3.9/lib/python/site-packages/google/api_core/_python_version_support.py:246: FutureWarning: You are using a non-supported Python version (3.9.6). Google will not post any further updates to google.api_core supporting this Python version. Please upgrade to the latest Python version, or at least Python 3.10, and then update google.api_core.
  warnings.warn(message, FutureWarning)
/Users/thomaswest/Library/Python/3.9/lib/python/site-packages/urllib3/__init__.py:35: NotOpenSSLWarning: urllib3 v2 only supports OpenSSL 1.1.1+, currently the 'ssl' module is compiled with 'LibreSSL 2.8.3'. See: https://github.com/urllib3/urllib3/issues/3020
  warnings.warn(
/Users/thomaswest/Library/Python/3.9/lib/python/site-packages/google/auth/__init__.py:54: FutureWarning: You are using a Python version 3.9 past its end of life. Google will update google-auth with critical bug fixes on a best-effort basis, but not with any other fixes or features. Please upgrade your Python version, and then update google-auth.
  warnings.warn(eol_message.format("3.9"), FutureWarning)
/Users/thomaswest/Library/Python/3.9/lib/python/site-packages/google/oauth2/__init__.py:40: FutureWarning: You are using a Python version 3.9 past its end of life. Google will update google-auth with critical bug fixes on a best-effort basis, but not with any other fixes or features. Please upgrade your Python version, and then update google-auth.
  warnings.warn(eol_message.format("3.9"), FutureWarning)
/Users/thomaswest/Library/Python/3.9/lib/python/site-packages/google/api_core/_python_version_support.py:246: FutureWarning: You are using a non-supported Python version (3.9.6). Google will not post any further updates to google.analytics.data_v1beta supporting this Python version. Please upgrade to the latest Python version, or at least Python 3.10, and then update google.analytics.data_v1beta.
  warnings.warn(message, FutureWarning)
/Users/thomaswest/Library/Python/3.9/lib/python/site-packages/google/api_core/_python_version_support.py:246: FutureWarning: You are using a non-supported Python version (3.9.6). Google will not post any further updates to google.api_core supporting this Python version. Please upgrade to the latest Python version, or at least Python 3.10, and then update google.api_core.
  warnings.warn(message, FutureWarning)
/Users/thomaswest/Library/Python/3.9/lib/python/site-packages/urllib3/__init__.py:35: NotOpenSSLWarning: urllib3 v2 only supports OpenSSL 1.1.1+, currently the 'ssl' module is compiled with 'LibreSSL 2.8.3'. See: https://github.com/urllib3/urllib3/issues/3020
  warnings.warn(
/Users/thomaswest/Library/Python/3.9/lib/python/site-packages/google/auth/__init__.py:54: FutureWarning: You are using a Python version 3.9 past its end of life. Google will update google-auth with critical bug fixes on a best-effort basis, but not with any other fixes or features. Please upgrade your Python version, and then update google-auth.
  warnings.warn(eol_message.format("3.9"), FutureWarning)
/Users/thomaswest/Library/Python/3.9/lib/python/site-packages/google/oauth2/__init__.py:40: FutureWarning: You are using a Python version 3.9 past its end of life. Google will update google-auth with critical bug fixes on a best-effort basis, but not with any other fixes or features. Please upgrade your Python version, and then update google-auth.
  warnings.warn(eol_message.format("3.9"), FutureWarning)
/Users/thomaswest/Library/Python/3.9/lib/python/site-packages/google/api_core/_python_version_support.py:246: FutureWarning: You are using a non-supported Python version (3.9.6). Google will not post any further updates to google.analytics.data_v1beta supporting this Python version. Please upgrade to the latest Python version, or at least Python 3.10, and then update google.analytics.data_v1beta.
  warnings.warn(message, FutureWarning)
/Users/thomaswest/Library/Python/3.9/lib/python/site-packages/google/api_core/_python_version_support.py:246: FutureWarning: You are using a non-supported Python version (3.9.6). Google will not post any further updates to google.api_core supporting this Python version. Please upgrade to the latest Python version, or at least Python 3.10, and then update google.api_core.
  warnings.warn(message, FutureWarning)
/Users/thomaswest/Library/Python/3.9/lib/python/site-packages/urllib3/__init__.py:35: NotOpenSSLWarning: urllib3 v2 only supports OpenSSL 1.1.1+, currently the 'ssl' module is compiled with 'LibreSSL 2.8.3'. See: https://github.com/urllib3/urllib3/issues/3020
  warnings.warn(
/Users/thomaswest/Library/Python/3.9/lib/python/site-packages/google/auth/__init__.py:54: FutureWarning: You are using a Python version 3.9 past its end of life. Google will update google-auth with critical bug fixes on a best-effort basis, but not with any other fixes or features. Please upgrade your Python version, and then update google-auth.
  warnings.warn(eol_message.format("3.9"), FutureWarning)
/Users/thomaswest/Library/Python/3.9/lib/python/site-packages/google/oauth2/__init__.py:40: FutureWarning: You are using a Python version 3.9 past its end of life. Google will update google-auth with critical bug fixes on a best-effort basis, but not with any other fixes or features. Please upgrade your Python version, and then update google-auth.
  warnings.warn(eol_message.format("3.9"), FutureWarning)
/Users/thomaswest/Library/Python/3.9/lib/python/site-packages/google/api_core/_python_version_support.py:246: FutureWarning: You are using a non-supported Python version (3.9.6). Google will not post any further updates to google.analytics.data_v1beta supporting this Python version. Please upgrade to the latest Python version, or at least Python 3.10, and then update google.analytics.data_v1beta.
  warnings.warn(message, FutureWarning)
/Users/thomaswest/Library/Python/3.9/lib/python/site-packages/google/api_core/_python_version_support.py:246: FutureWarning: You are using a non-supported Python version (3.9.6). Google will not post any further updates to google.api_core supporting this Python version. Please upgrade to the latest Python version, or at least Python 3.10, and then update google.api_core.
  warnings.warn(message, FutureWarning)
/Users/thomaswest/Library/Python/3.9/lib/python/site-packages/urllib3/__init__.py:35: NotOpenSSLWarning: urllib3 v2 only supports OpenSSL 1.1.1+, currently the 'ssl' module is compiled with 'LibreSSL 2.8.3'. See: https://github.com/urllib3/urllib3/issues/3020
  warnings.warn(
/Users/thomaswest/Library/Python/3.9/lib/python/site-packages/google/auth/__init__.py:54: FutureWarning: You are using a Python version 3.9 past its end of life. Google will update google-auth with critical bug fixes on a best-effort basis, but not with any other fixes or features. Please upgrade your Python version, and then update google-auth.
  warnings.warn(eol_message.format("3.9"), FutureWarning)
/Users/thomaswest/Library/Python/3.9/lib/python/site-packages/google/oauth2/__init__.py:40: FutureWarning: You are using a Python version 3.9 past its end of life. Google will update google-auth with critical bug fixes on a best-effort basis, but not with any other fixes or features. Please upgrade your Python version, and then update google-auth.
  warnings.warn(eol_message.format("3.9"), FutureWarning)
/Users/thomaswest/Library/Python/3.9/lib/python/site-packages/google/api_core/_python_version_support.py:246: FutureWarning: You are using a non-supported Python version (3.9.6). Google will not post any further updates to google.analytics.data_v1beta supporting this Python version. Please upgrade to the latest Python version, or at least Python 3.10, and then update google.analytics.data_v1beta.
  warnings.warn(message, FutureWarning)
/Users/thomaswest/Library/Python/3.9/lib/python/site-packages/google/api_core/_python_version_support.py:246: FutureWarning: You are using a non-supported Python version (3.9.6). Google will not post any further updates to google.api_core supporting this Python version. Please upgrade to the latest Python version, or at least Python 3.10, and then update google.api_core.
  warnings.warn(message, FutureWarning)
/Users/thomaswest/Library/Python/3.9/lib/python/site-packages/urllib3/__init__.py:35: NotOpenSSLWarning: urllib3 v2 only supports OpenSSL 1.1.1+, currently the 'ssl' module is compiled with 'LibreSSL 2.8.3'. See: https://github.com/urllib3/urllib3/issues/3020
  warnings.warn(
/Users/thomaswest/Library/Python/3.9/lib/python/site-packages/google/auth/__init__.py:54: FutureWarning: You are using a Python version 3.9 past its end of life. Google will update google-auth with critical bug fixes on a best-effort basis, but not with any other fixes or features. Please upgrade your Python version, and then update google-auth.
  warnings.warn(eol_message.format("3.9"), FutureWarning)
/Users/thomaswest/Library/Python/3.9/lib/python/site-packages/google/oauth2/__init__.py:40: FutureWarning: You are using a Python version 3.9 past its end of life. Google will update google-auth with critical bug fixes on a best-effort basis, but not with any other fixes or features. Please upgrade your Python version, and then update google-auth.
  warnings.warn(eol_message.format("3.9"), FutureWarning)
/Users/thomaswest/Library/Python/3.9/lib/python/site-packages/google/api_core/_python_version_support.py:246: FutureWarning: You are using a non-supported Python version (3.9.6). Google will not post any further updates to google.analytics.data_v1beta supporting this Python version. Please upgrade to the latest Python version, or at least Python 3.10, and then update google.analytics.data_v1beta.
  warnings.warn(message, FutureWarning)
/Users/thomaswest/Library/Python/3.9/lib/python/site-packages/google/api_core/_python_version_support.py:246: FutureWarning: You are using a non-supported Python version (3.9.6). Google will not post any further updates to google.api_core supporting this Python version. Please upgrade to the latest Python version, or at least Python 3.10, and then update google.api_core.
  warnings.warn(message, FutureWarning)
/Users/thomaswest/Library/Python/3.9/lib/python/site-packages/urllib3/__init__.py:35: NotOpenSSLWarning: urllib3 v2 only supports OpenSSL 1.1.1+, currently the 'ssl' module is compiled with 'LibreSSL 2.8.3'. See: https://github.com/urllib3/urllib3/issues/3020
  warnings.warn(
/Users/thomaswest/Library/Python/3.9/lib/python/site-packages/google/auth/__init__.py:54: FutureWarning: You are using a Python version 3.9 past its end of life. Google will update google-auth with critical bug fixes on a best-effort basis, but not with any other fixes or features. Please upgrade your Python version, and then update google-auth.
  warnings.warn(eol_message.format("3.9"), FutureWarning)
/Users/thomaswest/Library/Python/3.9/lib/python/site-packages/google/oauth2/__init__.py:40: FutureWarning: You are using a Python version 3.9 past its end of life. Google will update google-auth with critical bug fixes on a best-effort basis, but not with any other fixes or features. Please upgrade your Python version, and then update google-auth.
  warnings.warn(eol_message.format("3.9"), FutureWarning)
/Users/thomaswest/Library/Python/3.9/lib/python/site-packages/google/api_core/_python_version_support.py:246: FutureWarning: You are using a non-supported Python version (3.9.6). Google will not post any further updates to google.analytics.data_v1beta supporting this Python version. Please upgrade to the latest Python version, or at least Python 3.10, and then update google.analytics.data_v1beta.
  warnings.warn(message, FutureWarning)
/Users/thomaswest/Library/Python/3.9/lib/python/site-packages/google/api_core/_python_version_support.py:246: FutureWarning: You are using a non-supported Python version (3.9.6). Google will not post any further updates to google.api_core supporting this Python version. Please upgrade to the latest Python version, or at least Python 3.10, and then update google.api_core.
  warnings.warn(message, FutureWarning)
/Users/thomaswest/Library/Python/3.9/lib/python/site-packages/urllib3/__init__.py:35: NotOpenSSLWarning: urllib3 v2 only supports OpenSSL 1.1.1+, currently the 'ssl' module is compiled with 'LibreSSL 2.8.3'. See: https://github.com/urllib3/urllib3/issues/3020
  warnings.warn(
/Users/thomaswest/Library/Python/3.9/lib/python/site-packages/google/auth/__init__.py:54: FutureWarning: You are using a Python version 3.9 past its end of life. Google will update google-auth with critical bug fixes on a best-effort basis, but not with any other fixes or features. Please upgrade your Python version, and then update google-auth.
  warnings.warn(eol_message.format("3.9"), FutureWarning)
/Users/thomaswest/Library/Python/3.9/lib/python/site-packages/google/oauth2/__init__.py:40: FutureWarning: You are using a Python version 3.9 past its end of life. Google will update google-auth with critical bug fixes on a best-effort basis, but not with any other fixes or features. Please upgrade your Python version, and then update google-auth.
  warnings.warn(eol_message.format("3.9"), FutureWarning)
/Users/thomaswest/Library/Python/3.9/lib/python/site-packages/google/api_core/_python_version_support.py:246: FutureWarning: You are using a non-supported Python version (3.9.6). Google will not post any further updates to google.analytics.data_v1beta supporting this Python version. Please upgrade to the latest Python version, or at least Python 3.10, and then update google.analytics.data_v1beta.
  warnings.warn(message, FutureWarning)
/Users/thomaswest/Library/Python/3.9/lib/python/site-packages/google/api_core/_python_version_support.py:246: FutureWarning: You are using a non-supported Python version (3.9.6). Google will not post any further updates to google.api_core supporting this Python version. Please upgrade to the latest Python version, or at least Python 3.10, and then update google.api_core.
  warnings.warn(message, FutureWarning)
/Users/thomaswest/Library/Python/3.9/lib/python/site-packages/urllib3/__init__.py:35: NotOpenSSLWarning: urllib3 v2 only supports OpenSSL 1.1.1+, currently the 'ssl' module is compiled with 'LibreSSL 2.8.3'. See: https://github.com/urllib3/urllib3/issues/3020
  warnings.warn(
/Users/thomaswest/Library/Python/3.9/lib/python/site-packages/google/auth/__init__.py:54: FutureWarning: You are using a Python version 3.9 past its end of life. Google will update google-auth with critical bug fixes on a best-effort basis, but not with any other fixes or features. Please upgrade your Python version, and then update google-auth.
  warnings.warn(eol_message.format("3.9"), FutureWarning)
/Users/thomaswest/Library/Python/3.9/lib/python/site-packages/google/oauth2/__init__.py:40: FutureWarning: You are using a Python version 3.9 past its end of life. Google will update google-auth with critical bug fixes on a best-effort basis, but not with any other fixes or features. Please upgrade your Python version, and then update google-auth.
  warnings.warn(eol_message.format("3.9"), FutureWarning)
/Users/thomaswest/Library/Python/3.9/lib/python/site-packages/google/api_core/_python_version_support.py:246: FutureWarning: You are using a non-supported Python version (3.9.6). Google will not post any further updates to google.analytics.data_v1beta supporting this Python version. Please upgrade to the latest Python version, or at least Python 3.10, and then update google.analytics.data_v1beta.
  warnings.warn(message, FutureWarning)
/Users/thomaswest/Library/Python/3.9/lib/python/site-packages/google/api_core/_python_version_support.py:246: FutureWarning: You are using a non-supported Python version (3.9.6). Google will not post any further updates to google.api_core supporting this Python version. Please upgrade to the latest Python version, or at least Python 3.10, and then update google.api_core.
  warnings.warn(message, FutureWarning)
/Users/thomaswest/Library/Python/3.9/lib/python/site-packages/urllib3/__init__.py:35: NotOpenSSLWarning: urllib3 v2 only supports OpenSSL 1.1.1+, currently the 'ssl' module is compiled with 'LibreSSL 2.8.3'. See: https://github.com/urllib3/urllib3/issues/3020
  warnings.warn(
/Users/thomaswest/Library/Python/3.9/lib/python/site-packages/google/auth/__init__.py:54: FutureWarning: You are using a Python version 3.9 past its end of life. Google will update google-auth with critical bug fixes on a best-effort basis, but not with any other fixes or features. Please upgrade your Python version, and then update google-auth.
  warnings.warn(eol_message.format("3.9"), FutureWarning)
/Users/thomaswest/Library/Python/3.9/lib/python/site-packages/google/oauth2/__init__.py:40: FutureWarning: You are using a Python version 3.9 past its end of life. Google will update google-auth with critical bug fixes on a best-effort basis, but not with any other fixes or features. Please upgrade your Python version, and then update google-auth.
  warnings.warn(eol_message.format("3.9"), FutureWarning)
/Users/thomaswest/Library/Python/3.9/lib/python/site-packages/google/api_core/_python_version_support.py:246: FutureWarning: You are using a non-supported Python version (3.9.6). Google will not post any further updates to google.analytics.data_v1beta supporting this Python version. Please upgrade to the latest Python version, or at least Python 3.10, and then update google.analytics.data_v1beta.
  warnings.warn(message, FutureWarning)
/Users/thomaswest/Library/Python/3.9/lib/python/site-packages/google/api_core/_python_version_support.py:246: FutureWarning: You are using a non-supported Python version (3.9.6). Google will not post any further updates to google.api_core supporting this Python version. Please upgrade to the latest Python version, or at least Python 3.10, and then update google.api_core.
  warnings.warn(message, FutureWarning)
/Users/thomaswest/Library/Python/3.9/lib/python/site-packages/urllib3/__init__.py:35: NotOpenSSLWarning: urllib3 v2 only supports OpenSSL 1.1.1+, currently the 'ssl' module is compiled with 'LibreSSL 2.8.3'. See: https://github.com/urllib3/urllib3/issues/3020
  warnings.warn(
/Users/thomaswest/Library/Python/3.9/lib/python/site-packages/google/auth/__init__.py:54: FutureWarning: You are using a Python version 3.9 past its end of life. Google will update google-auth with critical bug fixes on a best-effort basis, but not with any other fixes or features. Please upgrade your Python version, and then update google-auth.
  warnings.warn(eol_message.format("3.9"), FutureWarning)
/Users/thomaswest/Library/Python/3.9/lib/python/site-packages/google/oauth2/__init__.py:40: FutureWarning: You are using a Python version 3.9 past its end of life. Google will update google-auth with critical bug fixes on a best-effort basis, but not with any other fixes or features. Please upgrade your Python version, and then update google-auth.
  warnings.warn(eol_message.format("3.9"), FutureWarning)
/Users/thomaswest/Library/Python/3.9/lib/python/site-packages/google/api_core/_python_version_support.py:246: FutureWarning: You are using a non-supported Python version (3.9.6). Google will not post any further updates to google.analytics.data_v1beta supporting this Python version. Please upgrade to the latest Python version, or at least Python 3.10, and then update google.analytics.data_v1beta.
  warnings.warn(message, FutureWarning)
Traceback (most recent call last):
  File "/Users/thomaswest/Library/Python/3.9/lib/python/site-packages/google/api_core/grpc_helpers.py", line 75, in error_remapped_callable
    return callable_(*args, **kwargs)
  File "/Users/thomaswest/Library/Python/3.9/lib/python/site-packages/grpc/_interceptor.py", line 276, in __call__
    response, ignored_call = self._with_call(
  File "/Users/thomaswest/Library/Python/3.9/lib/python/site-packages/grpc/_interceptor.py", line 331, in _with_call
    return call.result(), call
  File "/Users/thomaswest/Library/Python/3.9/lib/python/site-packages/grpc/_channel.py", line 438, in result
    raise self
  File "/Users/thomaswest/Library/Python/3.9/lib/python/site-packages/grpc/_interceptor.py", line 314, in continuation
    response, call = self._thunk(new_method).with_call(
  File "/Users/thomaswest/Library/Python/3.9/lib/python/site-packages/grpc/_channel.py", line 1173, in with_call
    return _end_unary_response_blocking(state, call, True, None)
  File "/Users/thomaswest/Library/Python/3.9/lib/python/site-packages/grpc/_channel.py", line 990, in _end_unary_response_blocking
    raise _InactiveRpcError(state)  # pytype: disable=not-instantiable
grpc._channel._InactiveRpcError: <_InactiveRpcError of RPC that terminated with:
	status = StatusCode.DEADLINE_EXCEEDED
	details = "Deadline Exceeded"
	debug_error_string = "UNKNOWN:Error received from peer  {grpc_message:"Deadline Exceeded", grpc_status:4}"
>

The above exception was the direct cause of the following exception:

Traceback (most recent call last):
  File "/Users/thomaswest/socialtradingvlog-website/tools/ga_report.py", line 223, in <module>
    main()
  File "/Users/thomaswest/socialtradingvlog-website/tools/ga_report.py", line 126, in main
    resp = run_report(
  File "/Users/thomaswest/socialtradingvlog-website/tools/ga_report.py", line 58, in run_report
    return client.run_report(request)
  File "/Users/thomaswest/Library/Python/3.9/lib/python/site-packages/google/analytics/data_v1beta/services/beta_analytics_data/client.py", line 837, in run_report
    response = rpc(
  File "/Users/thomaswest/Library/Python/3.9/lib/python/site-packages/google/api_core/gapic_v1/method.py", line 131, in __call__
    return wrapped_func(*args, **kwargs)
  File "/Users/thomaswest/Library/Python/3.9/lib/python/site-packages/google/api_core/timeout.py", line 130, in func_with_timeout
    return func(*args, **kwargs)
  File "/Users/thomaswest/Library/Python/3.9/lib/python/site-packages/google/api_core/grpc_helpers.py", line 77, in error_remapped_callable
    raise exceptions.from_grpc_error(exc) from exc
google.api_core.exceptions.DeadlineExceeded: 504 Deadline Exceeded
/Users/thomaswest/Library/Python/3.9/lib/python/site-packages/google/api_core/_python_version_support.py:246: FutureWarning: You are using a non-supported Python version (3.9.6). Google will not post any further updates to google.api_core supporting this Python version. Please upgrade to the latest Python version, or at least Python 3.10, and then update google.api_core.
  warnings.warn(message, FutureWarning)
/Users/thomaswest/Library/Python/3.9/lib/python/site-packages/urllib3/__init__.py:35: NotOpenSSLWarning: urllib3 v2 only supports OpenSSL 1.1.1+, currently the 'ssl' module is compiled with 'LibreSSL 2.8.3'. See: https://github.com/urllib3/urllib3/issues/3020
  warnings.warn(
/Users/thomaswest/Library/Python/3.9/lib/python/site-packages/google/auth/__init__.py:54: FutureWarning: You are using a Python version 3.9 past its end of life. Google will update google-auth with critical bug fixes on a best-effort basis, but not with any other fixes or features. Please upgrade your Python version, and then update google-auth.
  warnings.warn(eol_message.format("3.9"), FutureWarning)
/Users/thomaswest/Library/Python/3.9/lib/python/site-packages/google/oauth2/__init__.py:40: FutureWarning: You are using a Python version 3.9 past its end of life. Google will update google-auth with critical bug fixes on a best-effort basis, but not with any other fixes or features. Please upgrade your Python version, and then update google-auth.
  warnings.warn(eol_message.format("3.9"), FutureWarning)
/Users/thomaswest/Library/Python/3.9/lib/python/site-packages/google/api_core/_python_version_support.py:246: FutureWarning: You are using a non-supported Python version (3.9.6). Google will not post any further updates to google.analytics.data_v1beta supporting this Python version. Please upgrade to the latest Python version, or at least Python 3.10, and then update google.analytics.data_v1beta.
  warnings.warn(message, FutureWarning)
Traceback (most recent call last):
  File "/Users/thomaswest/Library/Python/3.9/lib/python/site-packages/google/api_core/grpc_helpers.py", line 75, in error_remapped_callable
    return callable_(*args, **kwargs)
  File "/Users/thomaswest/Library/Python/3.9/lib/python/site-packages/grpc/_interceptor.py", line 276, in __call__
    response, ignored_call = self._with_call(
  File "/Users/thomaswest/Library/Python/3.9/lib/python/site-packages/grpc/_interceptor.py", line 331, in _with_call
    return call.result(), call
  File "/Users/thomaswest/Library/Python/3.9/lib/python/site-packages/grpc/_channel.py", line 438, in result
    raise self
  File "/Users/thomaswest/Library/Python/3.9/lib/python/site-packages/grpc/_interceptor.py", line 314, in continuation
    response, call = self._thunk(new_method).with_call(
  File "/Users/thomaswest/Library/Python/3.9/lib/python/site-packages/grpc/_channel.py", line 1173, in with_call
    return _end_unary_response_blocking(state, call, True, None)
  File "/Users/thomaswest/Library/Python/3.9/lib/python/site-packages/grpc/_channel.py", line 990, in _end_unary_response_blocking
    raise _InactiveRpcError(state)  # pytype: disable=not-instantiable
grpc._channel._InactiveRpcError: <_InactiveRpcError of RPC that terminated with:
	status = StatusCode.DEADLINE_EXCEEDED
	details = "Deadline Exceeded"
	debug_error_string = "UNKNOWN:Error received from peer  {grpc_status:4, grpc_message:"Deadline Exceeded"}"
>

The above exception was the direct cause of the following exception:

Traceback (most recent call last):
  File "/Users/thomaswest/socialtradingvlog-website/tools/ga_report.py", line 223, in <module>
    main()
  File "/Users/thomaswest/socialtradingvlog-website/tools/ga_report.py", line 161, in main
    resp = run_report(
  File "/Users/thomaswest/socialtradingvlog-website/tools/ga_report.py", line 58, in run_report
    return client.run_report(request)
  File "/Users/thomaswest/Library/Python/3.9/lib/python/site-packages/google/analytics/data_v1beta/services/beta_analytics_data/client.py", line 837, in run_report
    response = rpc(
  File "/Users/thomaswest/Library/Python/3.9/lib/python/site-packages/google/api_core/gapic_v1/method.py", line 131, in __call__
    return wrapped_func(*args, **kwargs)
  File "/Users/thomaswest/Library/Python/3.9/lib/python/site-packages/google/api_core/timeout.py", line 130, in func_with_timeout
    return func(*args, **kwargs)
  File "/Users/thomaswest/Library/Python/3.9/lib/python/site-packages/google/api_core/grpc_helpers.py", line 77, in error_remapped_callable
    raise exceptions.from_grpc_error(exc) from exc
google.api_core.exceptions.DeadlineExceeded: 504 Deadline Exceeded
/Users/thomaswest/Library/Python/3.9/lib/python/site-packages/google/api_core/_python_version_support.py:246: FutureWarning: You are using a non-supported Python version (3.9.6). Google will not post any further updates to google.api_core supporting this Python version. Please upgrade to the latest Python version, or at least Python 3.10, and then update google.api_core.
  warnings.warn(message, FutureWarning)
/Users/thomaswest/Library/Python/3.9/lib/python/site-packages/urllib3/__init__.py:35: NotOpenSSLWarning: urllib3 v2 only supports OpenSSL 1.1.1+, currently the 'ssl' module is compiled with 'LibreSSL 2.8.3'. See: https://github.com/urllib3/urllib3/issues/3020
  warnings.warn(
/Users/thomaswest/Library/Python/3.9/lib/python/site-packages/google/auth/__init__.py:54: FutureWarning: You are using a Python version 3.9 past its end of life. Google will update google-auth with critical bug fixes on a best-effort basis, but not with any other fixes or features. Please upgrade your Python version, and then update google-auth.
  warnings.warn(eol_message.format("3.9"), FutureWarning)
/Users/thomaswest/Library/Python/3.9/lib/python/site-packages/google/oauth2/__init__.py:40: FutureWarning: You are using a Python version 3.9 past its end of life. Google will update google-auth with critical bug fixes on a best-effort basis, but not with any other fixes or features. Please upgrade your Python version, and then update google-auth.
  warnings.warn(eol_message.format("3.9"), FutureWarning)
/Users/thomaswest/Library/Python/3.9/lib/python/site-packages/google/api_core/_python_version_support.py:246: FutureWarning: You are using a non-supported Python version (3.9.6). Google will not post any further updates to google.analytics.data_v1beta supporting this Python version. Please upgrade to the latest Python version, or at least Python 3.10, and then update google.analytics.data_v1beta.
  warnings.warn(message, FutureWarning)
Traceback (most recent call last):
  File "/Users/thomaswest/Library/Python/3.9/lib/python/site-packages/google/api_core/grpc_helpers.py", line 75, in error_remapped_callable
    return callable_(*args, **kwargs)
  File "/Users/thomaswest/Library/Python/3.9/lib/python/site-packages/grpc/_interceptor.py", line 276, in __call__
    response, ignored_call = self._with_call(
  File "/Users/thomaswest/Library/Python/3.9/lib/python/site-packages/grpc/_interceptor.py", line 331, in _with_call
    return call.result(), call
  File "/Users/thomaswest/Library/Python/3.9/lib/python/site-packages/grpc/_channel.py", line 438, in result
    raise self
  File "/Users/thomaswest/Library/Python/3.9/lib/python/site-packages/grpc/_interceptor.py", line 314, in continuation
    response, call = self._thunk(new_method).with_call(
  File "/Users/thomaswest/Library/Python/3.9/lib/python/site-packages/grpc/_channel.py", line 1173, in with_call
    return _end_unary_response_blocking(state, call, True, None)
  File "/Users/thomaswest/Library/Python/3.9/lib/python/site-packages/grpc/_channel.py", line 990, in _end_unary_response_blocking
    raise _InactiveRpcError(state)  # pytype: disable=not-instantiable
grpc._channel._InactiveRpcError: <_InactiveRpcError of RPC that terminated with:
	status = StatusCode.DEADLINE_EXCEEDED
	details = "Deadline Exceeded"
	debug_error_string = "UNKNOWN:Error received from peer  {grpc_message:"Deadline Exceeded", grpc_status:4}"
>

The above exception was the direct cause of the following exception:

Traceback (most recent call last):
  File "/Users/thomaswest/socialtradingvlog-website/tools/ga_report.py", line 223, in <module>
    main()
  File "/Users/thomaswest/socialtradingvlog-website/tools/ga_report.py", line 126, in main
    resp = run_report(
  File "/Users/thomaswest/socialtradingvlog-website/tools/ga_report.py", line 58, in run_report
    return client.run_report(request)
  File "/Users/thomaswest/Library/Python/3.9/lib/python/site-packages/google/analytics/data_v1beta/services/beta_analytics_data/client.py", line 837, in run_report
    response = rpc(
  File "/Users/thomaswest/Library/Python/3.9/lib/python/site-packages/google/api_core/gapic_v1/method.py", line 131, in __call__
    return wrapped_func(*args, **kwargs)
  File "/Users/thomaswest/Library/Python/3.9/lib/python/site-packages/google/api_core/timeout.py", line 130, in func_with_timeout
    return func(*args, **kwargs)
  File "/Users/thomaswest/Library/Python/3.9/lib/python/site-packages/google/api_core/grpc_helpers.py", line 77, in error_remapped_callable
    raise exceptions.from_grpc_error(exc) from exc
google.api_core.exceptions.DeadlineExceeded: 504 Deadline Exceeded
/Users/thomaswest/Library/Python/3.9/lib/python/site-packages/google/api_core/_python_version_support.py:246: FutureWarning: You are using a non-supported Python version (3.9.6). Google will not post any further updates to google.api_core supporting this Python version. Please upgrade to the latest Python version, or at least Python 3.10, and then update google.api_core.
  warnings.warn(message, FutureWarning)
/Users/thomaswest/Library/Python/3.9/lib/python/site-packages/urllib3/__init__.py:35: NotOpenSSLWarning: urllib3 v2 only supports OpenSSL 1.1.1+, currently the 'ssl' module is compiled with 'LibreSSL 2.8.3'. See: https://github.com/urllib3/urllib3/issues/3020
  warnings.warn(
/Users/thomaswest/Library/Python/3.9/lib/python/site-packages/google/auth/__init__.py:54: FutureWarning: You are using a Python version 3.9 past its end of life. Google will update google-auth with critical bug fixes on a best-effort basis, but not with any other fixes or features. Please upgrade your Python version, and then update google-auth.
  warnings.warn(eol_message.format("3.9"), FutureWarning)
/Users/thomaswest/Library/Python/3.9/lib/python/site-packages/google/oauth2/__init__.py:40: FutureWarning: You are using a Python version 3.9 past its end of life. Google will update google-auth with critical bug fixes on a best-effort basis, but not with any other fixes or features. Please upgrade your Python version, and then update google-auth.
  warnings.warn(eol_message.format("3.9"), FutureWarning)
/Users/thomaswest/Library/Python/3.9/lib/python/site-packages/google/api_core/_python_version_support.py:246: FutureWarning: You are using a non-supported Python version (3.9.6). Google will not post any further updates to google.analytics.data_v1beta supporting this Python version. Please upgrade to the latest Python version, or at least Python 3.10, and then update google.analytics.data_v1beta.
  warnings.warn(message, FutureWarning)
Traceback (most recent call last):
  File "/Users/thomaswest/Library/Python/3.9/lib/python/site-packages/google/api_core/grpc_helpers.py", line 75, in error_remapped_callable
    return callable_(*args, **kwargs)
  File "/Users/thomaswest/Library/Python/3.9/lib/python/site-packages/grpc/_interceptor.py", line 276, in __call__
    response, ignored_call = self._with_call(
  File "/Users/thomaswest/Library/Python/3.9/lib/python/site-packages/grpc/_interceptor.py", line 331, in _with_call
    return call.result(), call
  File "/Users/thomaswest/Library/Python/3.9/lib/python/site-packages/grpc/_channel.py", line 438, in result
    raise self
  File "/Users/thomaswest/Library/Python/3.9/lib/python/site-packages/grpc/_interceptor.py", line 314, in continuation
    response, call = self._thunk(new_method).with_call(
  File "/Users/thomaswest/Library/Python/3.9/lib/python/site-packages/grpc/_channel.py", line 1173, in with_call
    return _end_unary_response_blocking(state, call, True, None)
  File "/Users/thomaswest/Library/Python/3.9/lib/python/site-packages/grpc/_channel.py", line 990, in _end_unary_response_blocking
    raise _InactiveRpcError(state)  # pytype: disable=not-instantiable
grpc._channel._InactiveRpcError: <_InactiveRpcError of RPC that terminated with:
	status = StatusCode.DEADLINE_EXCEEDED
	details = "Deadline Exceeded"
	debug_error_string = "UNKNOWN:Error received from peer  {grpc_status:4, grpc_message:"Deadline Exceeded"}"
>

The above exception was the direct cause of the following exception:

Traceback (most recent call last):
  File "/Users/thomaswest/socialtradingvlog-website/tools/ga_report.py", line 223, in <module>
    main()
  File "/Users/thomaswest/socialtradingvlog-website/tools/ga_report.py", line 144, in main
    resp = run_report(
  File "/Users/thomaswest/socialtradingvlog-website/tools/ga_report.py", line 58, in run_report
    return client.run_report(request)
  File "/Users/thomaswest/Library/Python/3.9/lib/python/site-packages/google/analytics/data_v1beta/services/beta_analytics_data/client.py", line 837, in run_report
    response = rpc(
  File "/Users/thomaswest/Library/Python/3.9/lib/python/site-packages/google/api_core/gapic_v1/method.py", line 131, in __call__
    return wrapped_func(*args, **kwargs)
  File "/Users/thomaswest/Library/Python/3.9/lib/python/site-packages/google/api_core/timeout.py", line 130, in func_with_timeout
    return func(*args, **kwargs)
  File "/Users/thomaswest/Library/Python/3.9/lib/python/site-packages/google/api_core/grpc_helpers.py", line 77, in error_remapped_callable
    raise exceptions.from_grpc_error(exc) from exc
google.api_core.exceptions.DeadlineExceeded: 504 Deadline Exceeded
/Users/thomaswest/Library/Python/3.9/lib/python/site-packages/google/api_core/_python_version_support.py:246: FutureWarning: You are using a non-supported Python version (3.9.6). Google will not post any further updates to google.api_core supporting this Python version. Please upgrade to the latest Python version, or at least Python 3.10, and then update google.api_core.
  warnings.warn(message, FutureWarning)
/Users/thomaswest/Library/Python/3.9/lib/python/site-packages/urllib3/__init__.py:35: NotOpenSSLWarning: urllib3 v2 only supports OpenSSL 1.1.1+, currently the 'ssl' module is compiled with 'LibreSSL 2.8.3'. See: https://github.com/urllib3/urllib3/issues/3020
  warnings.warn(
/Users/thomaswest/Library/Python/3.9/lib/python/site-packages/google/auth/__init__.py:54: FutureWarning: You are using a Python version 3.9 past its end of life. Google will update google-auth with critical bug fixes on a best-effort basis, but not with any other fixes or features. Please upgrade your Python version, and then update google-auth.
  warnings.warn(eol_message.format("3.9"), FutureWarning)
/Users/thomaswest/Library/Python/3.9/lib/python/site-packages/google/oauth2/__init__.py:40: FutureWarning: You are using a Python version 3.9 past its end of life. Google will update google-auth with critical bug fixes on a best-effort basis, but not with any other fixes or features. Please upgrade your Python version, and then update google-auth.
  warnings.warn(eol_message.format("3.9"), FutureWarning)
/Users/thomaswest/Library/Python/3.9/lib/python/site-packages/google/api_core/_python_version_support.py:246: FutureWarning: You are using a non-supported Python version (3.9.6). Google will not post any further updates to google.analytics.data_v1beta supporting this Python version. Please upgrade to the latest Python version, or at least Python 3.10, and then update google.analytics.data_v1beta.
  warnings.warn(message, FutureWarning)
Traceback (most recent call last):
  File "/Users/thomaswest/Library/Python/3.9/lib/python/site-packages/google/api_core/grpc_helpers.py", line 75, in error_remapped_callable
    return callable_(*args, **kwargs)
  File "/Users/thomaswest/Library/Python/3.9/lib/python/site-packages/grpc/_interceptor.py", line 276, in __call__
    response, ignored_call = self._with_call(
  File "/Users/thomaswest/Library/Python/3.9/lib/python/site-packages/grpc/_interceptor.py", line 331, in _with_call
    return call.result(), call
  File "/Users/thomaswest/Library/Python/3.9/lib/python/site-packages/grpc/_channel.py", line 438, in result
    raise self
  File "/Users/thomaswest/Library/Python/3.9/lib/python/site-packages/grpc/_interceptor.py", line 314, in continuation
    response, call = self._thunk(new_method).with_call(
  File "/Users/thomaswest/Library/Python/3.9/lib/python/site-packages/grpc/_channel.py", line 1173, in with_call
    return _end_unary_response_blocking(state, call, True, None)
  File "/Users/thomaswest/Library/Python/3.9/lib/python/site-packages/grpc/_channel.py", line 990, in _end_unary_response_blocking
    raise _InactiveRpcError(state)  # pytype: disable=not-instantiable
grpc._channel._InactiveRpcError: <_InactiveRpcError of RPC that terminated with:
	status = StatusCode.UNAVAILABLE
	details = "DNS resolution failed for analyticsdata.googleapis.com:443: C-ares status is not ARES_SUCCESS qtype=A name=analyticsdata.googleapis.com is_balancer=0: Could not contact DNS servers"
	debug_error_string = "UNKNOWN:Error received from peer  {grpc_status:14, grpc_message:"DNS resolution failed for analyticsdata.googleapis.com:443: C-ares status is not ARES_SUCCESS qtype=A name=analyticsdata.googleapis.com is_balancer=0: Could not contact DNS servers"}"
>

The above exception was the direct cause of the following exception:

Traceback (most recent call last):
  File "/Users/thomaswest/socialtradingvlog-website/tools/ga_report.py", line 223, in <module>
    main()
  File "/Users/thomaswest/socialtradingvlog-website/tools/ga_report.py", line 85, in main
    resp = run_report(
  File "/Users/thomaswest/socialtradingvlog-website/tools/ga_report.py", line 58, in run_report
    return client.run_report(request)
  File "/Users/thomaswest/Library/Python/3.9/lib/python/site-packages/google/analytics/data_v1beta/services/beta_analytics_data/client.py", line 837, in run_report
    response = rpc(
  File "/Users/thomaswest/Library/Python/3.9/lib/python/site-packages/google/api_core/gapic_v1/method.py", line 131, in __call__
    return wrapped_func(*args, **kwargs)
  File "/Users/thomaswest/Library/Python/3.9/lib/python/site-packages/google/api_core/timeout.py", line 130, in func_with_timeout
    return func(*args, **kwargs)
  File "/Users/thomaswest/Library/Python/3.9/lib/python/site-packages/google/api_core/grpc_helpers.py", line 77, in error_remapped_callable
    raise exceptions.from_grpc_error(exc) from exc
google.api_core.exceptions.ServiceUnavailable: 503 DNS resolution failed for analyticsdata.googleapis.com:443: C-ares status is not ARES_SUCCESS qtype=A name=analyticsdata.googleapis.com is_balancer=0: Could not contact DNS servers
/Users/thomaswest/Library/Python/3.9/lib/python/site-packages/google/api_core/_python_version_support.py:246: FutureWarning: You are using a non-supported Python version (3.9.6). Google will not post any further updates to google.api_core supporting this Python version. Please upgrade to the latest Python version, or at least Python 3.10, and then update google.api_core.
  warnings.warn(message, FutureWarning)
/Users/thomaswest/Library/Python/3.9/lib/python/site-packages/urllib3/__init__.py:35: NotOpenSSLWarning: urllib3 v2 only supports OpenSSL 1.1.1+, currently the 'ssl' module is compiled with 'LibreSSL 2.8.3'. See: https://github.com/urllib3/urllib3/issues/3020
  warnings.warn(
/Users/thomaswest/Library/Python/3.9/lib/python/site-packages/google/auth/__init__.py:54: FutureWarning: You are using a Python version 3.9 past its end of life. Google will update google-auth with critical bug fixes on a best-effort basis, but not with any other fixes or features. Please upgrade your Python version, and then update google-auth.
  warnings.warn(eol_message.format("3.9"), FutureWarning)
/Users/thomaswest/Library/Python/3.9/lib/python/site-packages/google/oauth2/__init__.py:40: FutureWarning: You are using a Python version 3.9 past its end of life. Google will update google-auth with critical bug fixes on a best-effort basis, but not with any other fixes or features. Please upgrade your Python version, and then update google-auth.
  warnings.warn(eol_message.format("3.9"), FutureWarning)
/Users/thomaswest/Library/Python/3.9/lib/python/site-packages/google/api_core/_python_version_support.py:246: FutureWarning: You are using a non-supported Python version (3.9.6). Google will not post any further updates to google.analytics.data_v1beta supporting this Python version. Please upgrade to the latest Python version, or at least Python 3.10, and then update google.analytics.data_v1beta.
  warnings.warn(message, FutureWarning)
Traceback (most recent call last):
  File "/Users/thomaswest/Library/Python/3.9/lib/python/site-packages/google/api_core/grpc_helpers.py", line 75, in error_remapped_callable
    return callable_(*args, **kwargs)
  File "/Users/thomaswest/Library/Python/3.9/lib/python/site-packages/grpc/_interceptor.py", line 276, in __call__
    response, ignored_call = self._with_call(
  File "/Users/thomaswest/Library/Python/3.9/lib/python/site-packages/grpc/_interceptor.py", line 331, in _with_call
    return call.result(), call
  File "/Users/thomaswest/Library/Python/3.9/lib/python/site-packages/grpc/_channel.py", line 438, in result
    raise self
  File "/Users/thomaswest/Library/Python/3.9/lib/python/site-packages/grpc/_interceptor.py", line 314, in continuation
    response, call = self._thunk(new_method).with_call(
  File "/Users/thomaswest/Library/Python/3.9/lib/python/site-packages/grpc/_channel.py", line 1173, in with_call
    return _end_unary_response_blocking(state, call, True, None)
  File "/Users/thomaswest/Library/Python/3.9/lib/python/site-packages/grpc/_channel.py", line 990, in _end_unary_response_blocking
    raise _InactiveRpcError(state)  # pytype: disable=not-instantiable
grpc._channel._InactiveRpcError: <_InactiveRpcError of RPC that terminated with:
	status = StatusCode.UNAVAILABLE
	details = "DNS resolution failed for analyticsdata.googleapis.com:443: C-ares status is not ARES_SUCCESS qtype=A name=analyticsdata.googleapis.com is_balancer=0: Could not contact DNS servers"
	debug_error_string = "UNKNOWN:Error received from peer  {grpc_status:14, grpc_message:"DNS resolution failed for analyticsdata.googleapis.com:443: C-ares status is not ARES_SUCCESS qtype=A name=analyticsdata.googleapis.com is_balancer=0: Could not contact DNS servers"}"
>

The above exception was the direct cause of the following exception:

Traceback (most recent call last):
  File "/Users/thomaswest/socialtradingvlog-website/tools/ga_report.py", line 223, in <module>
    main()
  File "/Users/thomaswest/socialtradingvlog-website/tools/ga_report.py", line 85, in main
    resp = run_report(
  File "/Users/thomaswest/socialtradingvlog-website/tools/ga_report.py", line 58, in run_report
    return client.run_report(request)
  File "/Users/thomaswest/Library/Python/3.9/lib/python/site-packages/google/analytics/data_v1beta/services/beta_analytics_data/client.py", line 837, in run_report
    response = rpc(
  File "/Users/thomaswest/Library/Python/3.9/lib/python/site-packages/google/api_core/gapic_v1/method.py", line 131, in __call__
    return wrapped_func(*args, **kwargs)
  File "/Users/thomaswest/Library/Python/3.9/lib/python/site-packages/google/api_core/timeout.py", line 130, in func_with_timeout
    return func(*args, **kwargs)
  File "/Users/thomaswest/Library/Python/3.9/lib/python/site-packages/google/api_core/grpc_helpers.py", line 77, in error_remapped_callable
    raise exceptions.from_grpc_error(exc) from exc
google.api_core.exceptions.ServiceUnavailable: 503 DNS resolution failed for analyticsdata.googleapis.com:443: C-ares status is not ARES_SUCCESS qtype=A name=analyticsdata.googleapis.com is_balancer=0: Could not contact DNS servers
/Users/thomaswest/Library/Python/3.9/lib/python/site-packages/google/api_core/_python_version_support.py:246: FutureWarning: You are using a non-supported Python version (3.9.6). Google will not post any further updates to google.api_core supporting this Python version. Please upgrade to the latest Python version, or at least Python 3.10, and then update google.api_core.
  warnings.warn(message, FutureWarning)
/Users/thomaswest/Library/Python/3.9/lib/python/site-packages/urllib3/__init__.py:35: NotOpenSSLWarning: urllib3 v2 only supports OpenSSL 1.1.1+, currently the 'ssl' module is compiled with 'LibreSSL 2.8.3'. See: https://github.com/urllib3/urllib3/issues/3020
  warnings.warn(
/Users/thomaswest/Library/Python/3.9/lib/python/site-packages/google/auth/__init__.py:54: FutureWarning: You are using a Python version 3.9 past its end of life. Google will update google-auth with critical bug fixes on a best-effort basis, but not with any other fixes or features. Please upgrade your Python version, and then update google-auth.
  warnings.warn(eol_message.format("3.9"), FutureWarning)
/Users/thomaswest/Library/Python/3.9/lib/python/site-packages/google/oauth2/__init__.py:40: FutureWarning: You are using a Python version 3.9 past its end of life. Google will update google-auth with critical bug fixes on a best-effort basis, but not with any other fixes or features. Please upgrade your Python version, and then update google-auth.
  warnings.warn(eol_message.format("3.9"), FutureWarning)
/Users/thomaswest/Library/Python/3.9/lib/python/site-packages/google/api_core/_python_version_support.py:246: FutureWarning: You are using a non-supported Python version (3.9.6). Google will not post any further updates to google.analytics.data_v1beta supporting this Python version. Please upgrade to the latest Python version, or at least Python 3.10, and then update google.analytics.data_v1beta.
  warnings.warn(message, FutureWarning)
/Users/thomaswest/Library/Python/3.9/lib/python/site-packages/google/api_core/_python_version_support.py:246: FutureWarning: You are using a non-supported Python version (3.9.6). Google will not post any further updates to google.api_core supporting this Python version. Please upgrade to the latest Python version, or at least Python 3.10, and then update google.api_core.
  warnings.warn(message, FutureWarning)
/Users/thomaswest/Library/Python/3.9/lib/python/site-packages/urllib3/__init__.py:35: NotOpenSSLWarning: urllib3 v2 only supports OpenSSL 1.1.1+, currently the 'ssl' module is compiled with 'LibreSSL 2.8.3'. See: https://github.com/urllib3/urllib3/issues/3020
  warnings.warn(
/Users/thomaswest/Library/Python/3.9/lib/python/site-packages/google/auth/__init__.py:54: FutureWarning: You are using a Python version 3.9 past its end of life. Google will update google-auth with critical bug fixes on a best-effort basis, but not with any other fixes or features. Please upgrade your Python version, and then update google-auth.
  warnings.warn(eol_message.format("3.9"), FutureWarning)
/Users/thomaswest/Library/Python/3.9/lib/python/site-packages/google/oauth2/__init__.py:40: FutureWarning: You are using a Python version 3.9 past its end of life. Google will update google-auth with critical bug fixes on a best-effort basis, but not with any other fixes or features. Please upgrade your Python version, and then update google-auth.
  warnings.warn(eol_message.format("3.9"), FutureWarning)
/Users/thomaswest/Library/Python/3.9/lib/python/site-packages/google/api_core/_python_version_support.py:246: FutureWarning: You are using a non-supported Python version (3.9.6). Google will not post any further updates to google.analytics.data_v1beta supporting this Python version. Please upgrade to the latest Python version, or at least Python 3.10, and then update google.analytics.data_v1beta.
  warnings.warn(message, FutureWarning)
/Users/thomaswest/Library/Python/3.9/lib/python/site-packages/google/api_core/_python_version_support.py:246: FutureWarning: You are using a non-supported Python version (3.9.6). Google will not post any further updates to google.api_core supporting this Python version. Please upgrade to the latest Python version, or at least Python 3.10, and then update google.api_core.
  warnings.warn(message, FutureWarning)
/Users/thomaswest/Library/Python/3.9/lib/python/site-packages/urllib3/__init__.py:35: NotOpenSSLWarning: urllib3 v2 only supports OpenSSL 1.1.1+, currently the 'ssl' module is compiled with 'LibreSSL 2.8.3'. See: https://github.com/urllib3/urllib3/issues/3020
  warnings.warn(
/Users/thomaswest/Library/Python/3.9/lib/python/site-packages/google/auth/__init__.py:54: FutureWarning: You are using a Python version 3.9 past its end of life. Google will update google-auth with critical bug fixes on a best-effort basis, but not with any other fixes or features. Please upgrade your Python version, and then update google-auth.
  warnings.warn(eol_message.format("3.9"), FutureWarning)
/Users/thomaswest/Library/Python/3.9/lib/python/site-packages/google/oauth2/__init__.py:40: FutureWarning: You are using a Python version 3.9 past its end of life. Google will update google-auth with critical bug fixes on a best-effort basis, but not with any other fixes or features. Please upgrade your Python version, and then update google-auth.
  warnings.warn(eol_message.format("3.9"), FutureWarning)
/Users/thomaswest/Library/Python/3.9/lib/python/site-packages/google/api_core/_python_version_support.py:246: FutureWarning: You are using a non-supported Python version (3.9.6). Google will not post any further updates to google.analytics.data_v1beta supporting this Python version. Please upgrade to the latest Python version, or at least Python 3.10, and then update google.analytics.data_v1beta.
  warnings.warn(message, FutureWarning)
/Users/thomaswest/Library/Python/3.9/lib/python/site-packages/google/api_core/_python_version_support.py:246: FutureWarning: You are using a non-supported Python version (3.9.6). Google will not post any further updates to google.api_core supporting this Python version. Please upgrade to the latest Python version, or at least Python 3.10, and then update google.api_core.
  warnings.warn(message, FutureWarning)
/Users/thomaswest/Library/Python/3.9/lib/python/site-packages/urllib3/__init__.py:35: NotOpenSSLWarning: urllib3 v2 only supports OpenSSL 1.1.1+, currently the 'ssl' module is compiled with 'LibreSSL 2.8.3'. See: https://github.com/urllib3/urllib3/issues/3020
  warnings.warn(
/Users/thomaswest/Library/Python/3.9/lib/python/site-packages/google/auth/__init__.py:54: FutureWarning: You are using a Python version 3.9 past its end of life. Google will update google-auth with critical bug fixes on a best-effort basis, but not with any other fixes or features. Please upgrade your Python version, and then update google-auth.
  warnings.warn(eol_message.format("3.9"), FutureWarning)
/Users/thomaswest/Library/Python/3.9/lib/python/site-packages/google/oauth2/__init__.py:40: FutureWarning: You are using a Python version 3.9 past its end of life. Google will update google-auth with critical bug fixes on a best-effort basis, but not with any other fixes or features. Please upgrade your Python version, and then update google-auth.
  warnings.warn(eol_message.format("3.9"), FutureWarning)
/Users/thomaswest/Library/Python/3.9/lib/python/site-packages/google/api_core/_python_version_support.py:246: FutureWarning: You are using a non-supported Python version (3.9.6). Google will not post any further updates to google.analytics.data_v1beta supporting this Python version. Please upgrade to the latest Python version, or at least Python 3.10, and then update google.analytics.data_v1beta.
  warnings.warn(message, FutureWarning)
